Jul 29 08:19:54 Installed: wget-1.14-15.el7_4.1.x86_64
Jul 29 08:30:13 Installed: 1:perl-parent-0.225-244.el7.noarch
Jul 29 08:30:13 Installed: perl-HTTP-Tiny-0.033-3.el7.noarch
Jul 29 08:30:13 Installed: perl-podlators-2.5.1-3.el7.noarch
Jul 29 08:30:13 Installed: perl-Pod-Perldoc-3.20-4.el7.noarch
Jul 29 08:30:13 Installed: 1:perl-Pod-Escapes-1.04-292.el7.noarch
Jul 29 08:30:13 Installed: perl-Text-ParseWords-3.29-4.el7.noarch
Jul 29 08:30:14 Installed: perl-Encode-2.51-7.el7.x86_64
Jul 29 08:30:14 Installed: perl-Pod-Usage-1.63-3.el7.noarch
Jul 29 08:30:14 Installed: 4:perl-macros-5.16.3-292.el7.x86_64
Jul 29 08:30:17 Installed: 4:perl-libs-5.16.3-292.el7.x86_64
Jul 29 08:30:17 Installed: perl-Storable-2.45-3.el7.x86_64
Jul 29 08:30:18 Installed: perl-Exporter-5.68-3.el7.noarch
Jul 29 08:30:18 Installed: perl-constant-1.27-2.el7.noarch
Jul 29 08:30:18 Installed: perl-Time-Local-1.2300-2.el7.noarch
Jul 29 08:30:18 Installed: perl-Socket-2.010-4.el7.x86_64
Jul 29 08:30:18 Installed: perl-Carp-1.26-244.el7.noarch
Jul 29 08:30:18 Installed: 4:perl-Time-HiRes-1.9725-3.el7.x86_64
Jul 29 08:30:18 Installed: perl-PathTools-3.40-5.el7.x86_64
Jul 29 08:30:18 Installed: perl-Scalar-List-Utils-1.27-248.el7.x86_64
Jul 29 08:30:18 Installed: perl-File-Temp-0.23.01-3.el7.noarch
Jul 29 08:30:18 Installed: perl-File-Path-2.09-2.el7.noarch
Jul 29 08:30:18 Installed: perl-threads-shared-1.43-6.el7.x86_64
Jul 29 08:30:18 Installed: perl-threads-1.87-4.el7.x86_64
Jul 29 08:30:18 Installed: perl-Filter-1.49-3.el7.x86_64
Jul 29 08:30:18 Installed: 1:perl-Pod-Simple-3.28-4.el7.noarch
Jul 29 08:30:18 Installed: perl-Getopt-Long-2.40-3.el7.noarch
Jul 29 08:30:22 Installed: 4:perl-5.16.3-292.el7.x86_64
Jul 29 08:30:22 Installed: 2:vim-filesystem-7.4.160-4.el7.x86_64
Jul 29 08:30:25 Installed: 2:vim-common-7.4.160-4.el7.x86_64
Jul 29 08:30:25 Installed: gpm-libs-1.20.7-5.el7.x86_64
Jul 29 08:30:25 Installed: 2:vim-enhanced-7.4.160-4.el7.x86_64
Jul 29 08:33:53 Installed: mpfr-3.1.1-4.el7.x86_64
Jul 29 08:33:53 Installed: libmpc-1.0.1-3.el7.x86_64
Jul 29 08:33:54 Installed: cpp-4.8.5-28.el7_5.1.x86_64
Jul 29 08:33:54 Updated: libgcc-4.8.5-28.el7_5.1.x86_64
Jul 29 08:33:56 Installed: kernel-headers-3.10.0-862.9.1.el7.x86_64
Jul 29 08:33:57 Installed: glibc-headers-2.17-222.el7.x86_64
Jul 29 08:33:57 Installed: glibc-devel-2.17-222.el7.x86_64
Jul 29 08:33:58 Updated: libgomp-4.8.5-28.el7_5.1.x86_64
Jul 29 08:34:00 Installed: gcc-4.8.5-28.el7_5.1.x86_64
Jul 29 08:44:28 Installed: bc-1.06.95-13.el7.x86_64
